<?xml version="1.0" encoding="UTF-8"?>
<testsuite name="com.studentapp.cucumber.StudentRunner" time="2.915" tests="12" errors="0" skipped="0" failures="0">
  <properties>
    <property name="java.runtime.name" value="Java(TM) SE Runtime Environment"/>
    <property name="sun.boot.library.path" value="/Library/Java/JavaVirtualMachines/jdk1.8.0_66.jdk/Contents/Home/jre/lib"/>
    <property name="java.vm.version" value="25.66-b17"/>
    <property name="user.country.format" value="IN"/>
    <property name="gopherProxySet" value="false"/>
    <property name="java.vm.vendor" value="Oracle Corporation"/>
    <property name="maven.multiModuleProjectDirectory" value="/Users/mahekomshree/Downloads/StudentApp 4"/>
    <property name="java.vendor.url" value="http://java.oracle.com/"/>
    <property name="path.separator" value=":"/>
    <property name="guice.disable.misplaced.annotation.check" value="true"/>
    <property name="java.vm.name" value="Java HotSpot(TM) 64-Bit Server VM"/>
    <property name="file.encoding.pkg" value="sun.io"/>
    <property name="user.country" value="US"/>
    <property name="sun.java.launcher" value="SUN_STANDARD"/>
    <property name="sun.os.patch.level" value="unknown"/>
    <property name="java.vm.specification.name" value="Java Virtual Machine Specification"/>
    <property name="user.dir" value="/Users/mahekomshree/Downloads/StudentApp 4"/>
    <property name="java.runtime.version" value="1.8.0_66-b17"/>
    <property name="java.awt.graphicsenv" value="sun.awt.CGraphicsEnvironment"/>
    <property name="java.endorsed.dirs" value="/Library/Java/JavaVirtualMachines/jdk1.8.0_66.jdk/Contents/Home/jre/lib/endorsed"/>
    <property name="os.arch" value="x86_64"/>
    <property name="java.io.tmpdir" value="/var/folders/bv/g5m2v_zx52g1xwtf6vypqrqr0000gn/T/"/>
    <property name="line.separator" value="&#10;"/>
    <property name="java.vm.specification.vendor" value="Oracle Corporation"/>
    <property name="os.name" value="Mac OS X"/>
    <property name="classworlds.conf" value="/usr/local/Cellar/maven@3.5/3.5.4/libexec/bin/m2.conf"/>
    <property name="sun.jnu.encoding" value="UTF-8"/>
    <property name="java.library.path" value="/Users/mahekomshree/Library/Java/Extensions:/Library/Java/Extensions:/Network/Library/Java/Extensions:/System/Library/Java/Extensions:/usr/lib/java:."/>
    <property name="maven.conf" value="/usr/local/Cellar/maven@3.5/3.5.4/libexec/conf"/>
    <property name="java.specification.name" value="Java Platform API Specification"/>
    <property name="java.class.version" value="52.0"/>
    <property name="sun.management.compiler" value="HotSpot 64-Bit Tiered Compilers"/>
    <property name="os.version" value="10.14.6"/>
    <property name="library.jansi.path" value="/usr/local/Cellar/maven@3.5/3.5.4/libexec/lib/jansi-native"/>
    <property name="user.home" value="/Users/mahekomshree"/>
    <property name="user.timezone" value="Asia/Kolkata"/>
    <property name="java.awt.printerjob" value="sun.lwawt.macosx.CPrinterJob"/>
    <property name="java.specification.version" value="1.8"/>
    <property name="file.encoding" value="US-ASCII"/>
    <property name="user.name" value="mahekomshree"/>
    <property name="java.class.path" value="/usr/local/Cellar/maven@3.5/3.5.4/libexec/boot/plexus-classworlds-2.5.2.jar"/>
    <property name="java.vm.specification.version" value="1.8"/>
    <property name="sun.arch.data.model" value="64"/>
    <property name="java.home" value="/Library/Java/JavaVirtualMachines/jdk1.8.0_66.jdk/Contents/Home/jre"/>
    <property name="sun.java.command" value="org.codehaus.plexus.classworlds.launcher.Launcher clean install"/>
    <property name="java.specification.vendor" value="Oracle Corporation"/>
    <property name="user.language" value="en"/>
    <property name="awt.toolkit" value="sun.lwawt.macosx.LWCToolkit"/>
    <property name="java.vm.info" value="mixed mode"/>
    <property name="java.version" value="1.8.0_66"/>
    <property name="java.ext.dirs" value="/Users/mahekomshree/Library/Java/Extensions:/Library/Java/JavaVirtualMachines/jdk1.8.0_66.jdk/Contents/Home/jre/lib/ext:/Library/Java/Extensions:/Network/Library/Java/Extensions:/System/Library/Java/Extensions:/usr/lib/java"/>
    <property name="sun.boot.class.path" value="/Library/Java/JavaVirtualMachines/jdk1.8.0_66.jdk/Contents/Home/jre/lib/resources.jar:/Library/Java/JavaVirtualMachines/jdk1.8.0_66.jdk/Contents/Home/jre/lib/rt.jar:/Library/Java/JavaVirtualMachines/jdk1.8.0_66.jdk/Contents/Home/jre/lib/sunrsasign.jar:/Library/Java/JavaVirtualMachines/jdk1.8.0_66.jdk/Contents/Home/jre/lib/jsse.jar:/Library/Java/JavaVirtualMachines/jdk1.8.0_66.jdk/Contents/Home/jre/lib/jce.jar:/Library/Java/JavaVirtualMachines/jdk1.8.0_66.jdk/Contents/Home/jre/lib/charsets.jar:/Library/Java/JavaVirtualMachines/jdk1.8.0_66.jdk/Contents/Home/jre/lib/jfr.jar:/Library/Java/JavaVirtualMachines/jdk1.8.0_66.jdk/Contents/Home/jre/classes"/>
    <property name="java.vendor" value="Oracle Corporation"/>
    <property name="maven.home" value="/usr/local/Cellar/maven@3.5/3.5.4/libexec"/>
    <property name="file.separator" value="/"/>
    <property name="java.vendor.url.bug" value="http://bugreport.sun.com/bugreport/"/>
    <property name="sun.cpu.endian" value="little"/>
    <property name="sun.io.unicode.encoding" value="UnicodeBig"/>
    <property name="sun.cpu.isalist" value=""/>
  </properties>
  <testcase name="When User sends a GET request to the list endpoint,they must get back a valid status code 200" classname="Scenario: Check if the student application can be accessed by users" time="0.002"/>
  <testcase name="Scenario: Check if the student application can be accessed by users" classname="Scenario: Check if the student application can be accessed by users" time="2.632"/>
  <testcase name="When I create a new student by providing the information firstName Declan lastName Smith email nnon.ante.bibendum@risusDonecegestas.edu programme Computer Science courses Java" classname="| Declan | Smith | nnon.ante.bibendum@risusDonecegestas.edu | Computer Science | Java |" time="0"/>
  <testcase name="Then I verify that the student with nnon.ante.bibendum@risusDonecegestas.edu is created" classname="| Declan | Smith | nnon.ante.bibendum@risusDonecegestas.edu | Computer Science | Java |" time="0"/>
  <testcase name="| Declan | Smith | nnon.ante.bibendum@risusDonecegestas.edu | Computer Science | Java |" classname="| Declan | Smith | nnon.ante.bibendum@risusDonecegestas.edu | Computer Science | Java |" time="0.006"/>
  <testcase name="When I create a new student by providing the information firstName Mark lastName Taylor email nnon2.ante.bibendum@risusDonecegestas.edu programme Computer Science courses Java" classname="| Mark | Taylor | nnon2.ante.bibendum@risusDonecegestas.edu | Computer Science | Java |" time="0"/>
  <testcase name="Then I verify that the student with nnon2.ante.bibendum@risusDonecegestas.edu is created" classname="| Mark | Taylor | nnon2.ante.bibendum@risusDonecegestas.edu | Computer Science | Java |" time="0"/>
  <testcase name="| Mark | Taylor | nnon2.ante.bibendum@risusDonecegestas.edu | Computer Science | Java |" classname="| Mark | Taylor | nnon2.ante.bibendum@risusDonecegestas.edu | Computer Science | Java |" time="0.175"/>
  <testcase name="Given a student app url" classname="Scenario: scenario description" time="0"/>
  <testcase name="When student get request is hit" classname="Scenario: scenario description" time="0"/>
  <testcase name="Then response code should return &apos;200&apos; status code" classname="Scenario: scenario description" time="0"/>
  <testcase name="Scenario: scenario description" classname="Scenario: scenario description" time="0.1"/>
</testsuite>